2015-10-18 23:55:19,751 l
2015-10-18 23:55:20,831 fa
2015-10-18 23:55:21,570 asdfa
2015-10-18 23:55:22,398 sdfasdf
2015-10-18 23:55:23,147 sfasdf
2015-10-18 23:55:23,567 asdfa
2015-10-18 23:55:23,939 sdfa
2015-10-18 23:55:24,207 df
2015-10-18 23:55:24,475 asd
2015-10-18 23:55:24,719 fa
2015-10-18 23:55:24,939 sd
2015-10-18 23:55:25,151 fa
2015-10-18 23:55:25,350 sdf
2015-10-18 23:55:25,571 a
2015-10-18 23:55:26,504 sdl
2015-10-18 23:55:27,580 exit
2015-10-18 23:55:40,996 exit
2015-10-19 21:05:20,911 exit
2015-10-19 21:19:22,099 检查
2015-10-19 21:19:23,371 大麻
2015-10-19 21:19:25,172 测试
2015-10-19 21:19:27,331 exit
2015-10-19 21:23:02,812 exit
2015-10-20 20:33:14,321 exit
2015-10-20 20:33:23,051 history
2015-10-20 20:33:25,622 history
2015-10-20 20:33:27,347 exit
2015-10-20 20:34:42,645 
2015-10-20 20:34:42,799 
2015-10-20 20:34:42,948 
2015-10-20 20:34:43,101 
2015-10-20 20:34:46,735 history
2015-10-20 20:35:11,533 
2015-10-20 20:35:13,629 history
2015-10-20 20:35:50,383 exit
2015-10-20 20:37:18,843 
2015-10-20 20:37:20,388 history
2015-10-20 20:37:22,555 
2015-10-20 20:37:22,701 
2015-10-20 20:37:22,834 
2015-10-20 20:37:22,970 
2015-10-20 20:37:23,115 
2015-10-20 20:37:24,576 history
